2017-10-13 23:26:11,163 - transaction - INFO - account:1234   action:withdraw    amount:7201.0   interest:360.05
2017-10-13 23:43:23,788 - transaction - INFO - account:1234   action:withdraw    amount:7168.0   interest:358.40000000000003
2017-10-13 23:51:22,044 - transaction - INFO - account:1234   action:withdraw    amount:7201.0   interest:360.05
2017-10-13 23:56:09,836 - transaction - INFO - account:1234   action:repay    amount:8000.0   interest:240.0
2017-10-13 23:58:46,633 - transaction - INFO - account:1234   action:withdraw    amount:500.0   interest:25.0
2017-10-13 23:59:05,681 - transaction - INFO - account:1234   action:withdraw    amount:7201.0   interest:360.05
2017-10-13 23:59:20,871 - transaction - INFO - account:1234   action:repay    amount:8888.0   interest:266.64
2017-10-21 00:47:05,689 - transaction - INFO - account:1234   action:transfer    amount:4321.0   interest:216.05
2017-10-21 00:48:47,946 - transaction - INFO - account:1234   action:transfer    amount:300.0   interest:15.0
2017-10-21 01:04:00,451 - transaction - INFO - account:1234   action:transfer    amount:500.0   interest:25.0
2017-10-21 01:05:16,442 - transaction - INFO - account:1234   action:transfer    amount:500.0   interest:25.0
2017-10-21 01:05:37,588 - transaction - INFO - account:1234   action:transfer    amount:599.0   interest:29.950000000000003
2017-10-21 01:09:09,285 - transaction - INFO - account:1234   action:transfer    amount:500.0   interest:25.0
2017-10-21 01:09:50,518 - transaction - INFO - account:1234   action:transfer    amount:500.0   interest:25.0
2017-10-21 01:14:58,039 - transaction - INFO - account:1234   action:transfer    amount:500.0   interest:25.0
2017-10-21 01:21:17,909 - transaction - INFO - account:1234   action:transfer    amount:123.0   interest:6.15
2017-10-21 01:21:27,717 - transaction - INFO - account:1234   action:transfer    amount:4321.0   interest:216.05
2017-10-21 01:22:40,662 - transaction - INFO - account:1234   action:transfer    amount:500.0   interest:25.0
2017-10-21 01:23:15,937 - transaction - INFO - account:4321   action:transfer    amount:4000.0   interest:200.0
2017-10-21 01:24:35,603 - transaction - INFO - account:1234   action:transfer    amount:100.0   interest:5.0
2017-10-21 01:32:02,895 - transaction - INFO - account:1234   action:transfer    amount:1234.0   interest:61.7
2017-10-21 01:40:29,254 - transaction - INFO - account:1234   action:transfer    amount:599.0   interest:29.950000000000003
2017-10-21 02:19:36,764 - transaction - INFO - account:1234   action:withdraw    amount:0.0   interest:0.0
2017-10-21 02:19:43,971 - transaction - INFO - account:1234   action:transfer    amount:400.0   interest:20.0
2019-01-13 00:14:51,371 - transaction - INFO - account:1234   action:repay    amount:3000.0   interest:90.0
2019-01-13 00:15:31,804 - transaction - INFO - account:1234   action:repay    amount:2.0   interest:0.06
2019-01-13 00:16:09,038 - transaction - INFO - account:1234   action:repay    amount:15000.0   interest:450.0
2019-01-13 00:17:05,750 - transaction - INFO - account:1234   action:withdraw    amount:10000.0   interest:500.0
2019-01-13 00:17:17,214 - transaction - INFO - account:1234   action:withdraw    amount:7.0   interest:0.35000000000000003
2019-01-13 00:19:35,100 - transaction - INFO - account:1234   action:transfer    amount:5000.0   interest:250.0
2019-01-13 00:21:59,698 - transaction - INFO - account:1234   action:withdraw    amount:7966.0   interest:398.3
2019-01-13 00:24:29,860 - transaction - INFO - account:1234   action:repay    amount:14029.0   interest:420.87
2019-01-13 00:24:34,557 - transaction - INFO - account:1234   action:repay    amount:1.0   interest:0.03
